Determining if the include file pthread.h exists passed with the following output:
Change Dir: /home/leon/CLionProjects/EPSF/bin/CMakeFiles/CMakeTmp

Run Build Command:"/usr/bin/make" "cmTC_c7c53/fast"
/usr/bin/make -f CMakeFiles/cmTC_c7c53.dir/build.make CMakeFiles/cmTC_c7c53.dir/build
make[1]: Entering directory '/home/leon/CLionProjects/EPSF/bin/CMakeFiles/CMakeTmp'
Building C object CMakeFiles/cmTC_c7c53.dir/CheckIncludeFile.c.o
/usr/bin/cc     -o CMakeFiles/cmTC_c7c53.dir/CheckIncludeFile.c.o   -c /home/leon/CLionProjects/EPSF/bin/CMakeFiles/CMakeTmp/CheckIncludeFile.c
Linking C executable cmTC_c7c53
/opt/clion/bin/cmake/bin/cmake -E cmake_link_script CMakeFiles/cmTC_c7c53.dir/link.txt --verbose=1
/usr/bin/cc       CMakeFiles/cmTC_c7c53.dir/CheckIncludeFile.c.o  -o cmTC_c7c53 
make[1]: Leaving directory '/home/leon/CLionProjects/EPSF/bin/CMakeFiles/CMakeTmp'


Determining if the function pthread_create exists in the pthread passed with the following output:
Change Dir: /home/leon/CLionProjects/EPSF/bin/CMakeFiles/CMakeTmp

Run Build Command:"/usr/bin/make" "cmTC_4fb94/fast"
/usr/bin/make -f CMakeFiles/cmTC_4fb94.dir/build.make CMakeFiles/cmTC_4fb94.dir/build
make[1]: Entering directory '/home/leon/CLionProjects/EPSF/bin/CMakeFiles/CMakeTmp'
Building C object CMakeFiles/cmTC_4fb94.dir/CheckFunctionExists.c.o
/usr/bin/cc    -DCHECK_FUNCTION_EXISTS=pthread_create   -o CMakeFiles/cmTC_4fb94.dir/CheckFunctionExists.c.o   -c /opt/clion/bin/cmake/share/cmake-3.7/Modules/CheckFunctionExists.c
Linking C executable cmTC_4fb94
/opt/clion/bin/cmake/bin/cmake -E cmake_link_script CMakeFiles/cmTC_4fb94.dir/link.txt --verbose=1
/usr/bin/cc   -DCHECK_FUNCTION_EXISTS=pthread_create    CMakeFiles/cmTC_4fb94.dir/CheckFunctionExists.c.o  -o cmTC_4fb94 -lpthread 
make[1]: Leaving directory '/home/leon/CLionProjects/EPSF/bin/CMakeFiles/CMakeTmp'


